app/build/intermediates/manifest_merge_blame_file/debug/processDebugMainManifest/manifest-merger-blame-debug-report.txt
1<?xml version="1.0" encoding="utf-8"?>
2<manifest xmlns:android="http://schemas.android.com/apk/res/android"
3    package="com.rick.tcgscanner"
4    android:versionCode="1"
5    android:versionName="1.0" >
6
7    <uses-sdk
8        android:minSdkVersion="24"
9        android:targetSdkVersion="35" />
10
11    <uses-permission android:name="android.permission.INTERNET" />
11-->src\main\AndroidManifest.xml:5:5-67
11-->src\main\AndroidManifest.xml:5:22-64
12    <uses-permission android:name="android.permission.CAMERA" />
12-->src\main\AndroidManifest.xml:6:5-65
12-->src\main\AndroidManifest.xml:6:22-62
13    <uses-permission
13-->src\main\AndroidManifest.xml:7:5-9:38
14        android:name="android.permission.WRITE_EXTERNAL_STORAGE"
14-->src\main\AndroidManifest.xml:8:9-65
15        android:maxSdkVersion="28" />
15-->src\main\AndroidManifest.xml:9:9-35
16
17    <uses-feature
17-->src\main\AndroidManifest.xml:11:5-13:36
18        android:name="android.hardware.camera"
18-->src\main\AndroidManifest.xml:12:9-47
19        android:required="false" />
19-->src\main\AndroidManifest.xml:13:9-33
20
21    <permission
21-->[androidx.core:core:1.15.0] AndroidManifest.xml:22:5-24:47
22        android:name="com.rick.tcgscanner.DYNAMIC_RECEIVER_NOT_EXPORTED_PERMISSION"
22-->[androidx.core:core:1.15.0] AndroidManifest.xml:23:9-81
23        android:protectionLevel="signature" />
23-->[androidx.core:core:1.15.0] AndroidManifest.xml:24:9-44
24
25    <uses-permission android:name="com.rick.tcgscanner.DYNAMIC_RECEIVER_NOT_EXPORTED_PERMISSION" />
25-->[androidx.core:core:1.15.0] AndroidManifest.xml:26:5-97
25-->[androidx.core:core:1.15.0] AndroidManifest.xml:26:22-94
26
27    <application
27-->src\main\AndroidManifest.xml:15:5-34:19
28        android:name="com.rick.tcgscanner.TcgApplication"
28-->src\main\AndroidManifest.xml:16:9-39
29        android:allowBackup="true"
29-->src\main\AndroidManifest.xml:17:9-35
30        android:appComponentFactory="androidx.core.app.CoreComponentFactory"
30-->[androidx.core:core:1.15.0] AndroidManifest.xml:28:18-86
31        android:debuggable="true"
32        android:extractNativeLibs="false"
33        android:icon="@mipmap/ic_launcher"
33-->src\main\AndroidManifest.xml:18:9-43
34        android:label="@string/app_name"
34-->src\main\AndroidManifest.xml:19:9-41
35        android:networkSecurityConfig="@xml/network_security_config"
35-->src\main\AndroidManifest.xml:23:9-69
36        android:roundIcon="@mipmap/ic_launcher_round"
36-->src\main\AndroidManifest.xml:20:9-54
37        android:supportsRtl="true"
37-->src\main\AndroidManifest.xml:21:9-35
38        android:theme="@style/Theme.TcgScanner" >
38-->src\main\AndroidManifest.xml:22:9-48
39        <activity
39-->src\main\AndroidManifest.xml:25:9-33:20
40            android:name="com.rick.tcgscanner.MainActivity"
40-->src\main\AndroidManifest.xml:26:13-41
41            android:exported="true"
41-->src\main\AndroidManifest.xml:27:13-36
42            android:theme="@style/Theme.TcgScanner" >
42-->src\main\AndroidManifest.xml:28:13-52
43            <intent-filter>
43-->src\main\AndroidManifest.xml:29:13-32:29
44                <action android:name="android.intent.action.MAIN" />
44-->src\main\AndroidManifest.xml:30:17-69
44-->src\main\AndroidManifest.xml:30:25-66
45
46                <category android:name="android.intent.category.LAUNCHER" />
46-->src\main\AndroidManifest.xml:31:17-77
46-->src\main\AndroidManifest.xml:31:27-74
47            </intent-filter>
48        </activity>
49
50        <service
50-->[androidx.camera:camera-camera2:1.4.0] AndroidManifest.xml:24:9-33:19
51            android:name="androidx.camera.core.impl.MetadataHolderService"
51-->[androidx.camera:camera-camera2:1.4.0] AndroidManifest.xml:25:13-75
52            android:enabled="false"
52-->[androidx.camera:camera-camera2:1.4.0] AndroidManifest.xml:26:13-36
53            android:exported="false" >
53-->[androidx.camera:camera-camera2:1.4.0] AndroidManifest.xml:27:13-37
54            <meta-data
54-->[androidx.camera:camera-camera2:1.4.0] AndroidManifest.xml:30:13-32:89
55                android:name="androidx.camera.core.impl.MetadataHolderService.DEFAULT_CONFIG_PROVIDER"
55-->[androidx.camera:camera-camera2:1.4.0] AndroidManifest.xml:31:17-103
56                android:value="androidx.camera.camera2.Camera2Config$DefaultProvider" />
56-->[androidx.camera:camera-camera2:1.4.0] AndroidManifest.xml:32:17-86
57        </service>
58
59        <activity
59-->[androidx.compose.ui:ui-test-manifest:1.7.5] AndroidManifest.xml:23:9-25:39
60            android:name="androidx.activity.ComponentActivity"
60-->[androidx.compose.ui:ui-test-manifest:1.7.5] AndroidManifest.xml:24:13-63
61            android:exported="true" />
61-->[androidx.compose.ui:ui-test-manifest:1.7.5] AndroidManifest.xml:25:13-36
62        <activity
62-->[androidx.compose.ui:ui-tooling-android:1.7.5] AndroidManifest.xml:23:9-25:39
63            android:name="androidx.compose.ui.tooling.PreviewActivity"
63-->[androidx.compose.ui:ui-tooling-android:1.7.5] AndroidManifest.xml:24:13-71
64            android:exported="true" />
64-->[androidx.compose.ui:ui-tooling-android:1.7.5] AndroidManifest.xml:25:13-36
65
66        <provider
66-->[androidx.emoji2:emoji2:1.3.0] AndroidManifest.xml:24:9-32:20
67            android:name="androidx.startup.InitializationProvider"
67-->[androidx.emoji2:emoji2:1.3.0] AndroidManifest.xml:25:13-67
68            android:authorities="com.rick.tcgscanner.androidx-startup"
68-->[androidx.emoji2:emoji2:1.3.0] AndroidManifest.xml:26:13-68
69            android:exported="false" >
69-->[androidx.emoji2:emoji2:1.3.0] AndroidManifest.xml:27:13-37
70            <meta-data
70-->[androidx.emoji2:emoji2:1.3.0] AndroidManifest.xml:29:13-31:52
71                android:name="androidx.emoji2.text.EmojiCompatInitializer"
71-->[androidx.emoji2:emoji2:1.3.0] AndroidManifest.xml:30:17-75
72                android:value="androidx.startup" />
72-->[androidx.emoji2:emoji2:1.3.0] AndroidManifest.xml:31:17-49
73            <meta-data
73-->[androidx.lifecycle:lifecycle-process:2.8.7] AndroidManifest.xml:29:13-31:52
74                android:name="androidx.lifecycle.ProcessLifecycleInitializer"
74-->[androidx.lifecycle:lifecycle-process:2.8.7] AndroidManifest.xml:30:17-78
75                android:value="androidx.startup" />
75-->[androidx.lifecycle:lifecycle-process:2.8.7] AndroidManifest.xml:31:17-49
76            <meta-data
76-->[androidx.profileinstaller:profileinstaller:1.3.1] AndroidManifest.xml:29:13-31:52
77                android:name="androidx.profileinstaller.ProfileInstallerInitializer"
77-->[androidx.profileinstaller:profileinstaller:1.3.1] AndroidManifest.xml:30:17-85
78                android:value="androidx.startup" />
78-->[androidx.profileinstaller:profileinstaller:1.3.1] AndroidManifest.xml:31:17-49
79        </provider>
80
81        <service
81-->[androidx.room:room-runtime:2.6.1] AndroidManifest.xml:24:9-28:63
82            android:name="androidx.room.MultiInstanceInvalidationService"
82-->[androidx.room:room-runtime:2.6.1] AndroidManifest.xml:25:13-74
83            android:directBootAware="true"
83-->[androidx.room:room-runtime:2.6.1] AndroidManifest.xml:26:13-43
84            android:exported="false" />
84-->[androidx.room:room-runtime:2.6.1] AndroidManifest.xml:27:13-37
85
86        <receiver
86-->[androidx.profileinstaller:profileinstaller:1.3.1] AndroidManifest.xml:34:9-52:20
87            android:name="androidx.profileinstaller.ProfileInstallReceiver"
87-->[androidx.profileinstaller:profileinstaller:1.3.1] AndroidManifest.xml:35:13-76
88            android:directBootAware="false"
88-->[androidx.profileinstaller:profileinstaller:1.3.1] AndroidManifest.xml:36:13-44
89            android:enabled="true"
89-->[androidx.profileinstaller:profileinstaller:1.3.1] AndroidManifest.xml:37:13-35
90            android:exported="true"
90-->[androidx.profileinstaller:profileinstaller:1.3.1] AndroidManifest.xml:38:13-36
91            android:permission="android.permission.DUMP" >
91-->[androidx.profileinstaller:profileinstaller:1.3.1] AndroidManifest.xml:39:13-57
92            <intent-filter>
92-->[androidx.profileinstaller:profileinstaller:1.3.1] AndroidManifest.xml:40:13-42:29
93                <action android:name="androidx.profileinstaller.action.INSTALL_PROFILE" />
93-->[androidx.profileinstaller:profileinstaller:1.3.1] AndroidManifest.xml:41:17-91
93-->[androidx.profileinstaller:profileinstaller:1.3.1] AndroidManifest.xml:41:25-88
94            </intent-filter>
95            <intent-filter>
95-->[androidx.profileinstaller:profileinstaller:1.3.1] AndroidManifest.xml:43:13-45:29
96                <action android:name="androidx.profileinstaller.action.SKIP_FILE" />
96-->[androidx.profileinstaller:profileinstaller:1.3.1] AndroidManifest.xml:44:17-85
96-->[androidx.profileinstaller:profileinstaller:1.3.1] AndroidManifest.xml:44:25-82
97            </intent-filter>
98            <intent-filter>
98-->[androidx.profileinstaller:profileinstaller:1.3.1] AndroidManifest.xml:46:13-48:29
99                <action android:name="androidx.profileinstaller.action.SAVE_PROFILE" />
99-->[androidx.profileinstaller:profileinstaller:1.3.1] AndroidManifest.xml:47:17-88
99-->[androidx.profileinstaller:profileinstaller:1.3.1] AndroidManifest.xml:47:25-85
100            </intent-filter>
101            <intent-filter>
101-->[androidx.profileinstaller:profileinstaller:1.3.1] AndroidManifest.xml:49:13-51:29
102                <action android:name="androidx.profileinstaller.action.BENCHMARK_OPERATION" />
102-->[androidx.profileinstaller:profileinstaller:1.3.1] AndroidManifest.xml:50:17-95
102-->[androidx.profileinstaller:profileinstaller:1.3.1] AndroidManifest.xml:50:25-92
103            </intent-filter>
104        </receiver>
105    </application>
106
107</manifest>